<?xml version="1.0" encoding="UTF-8"?>
<!-- Generated by org.testng.reporters.JUnitReportReporter -->
<testsuite hostname="IN-H3D33J3" failures="0" tests="2" name="testRunner.TestRunner" time="5.749" errors="0" timestamp="2024-09-13T17:25:32 IST" skipped="0">
  <testcase classname="testRunner.TestRunner" name="runScenario" time="5.110"/>
  <system-out/>
  <testcase classname="testRunner.TestRunner" name="runScenario" time="0.639"/>
  <system-out/>
</testsuite> <!-- testRunner.TestRunner -->
